2025-03-13 04:40:55 +0000 - dagster - DEBUG - ml_pipeline_job - 48e4ef21-e7ea-47a1-921b-b7d9c3902679 - 48 - LOGS_CAPTURED - Started capturing logs in process (pid: 48).
2025-03-13 04:40:55 +0000 - dagster - DEBUG - ml_pipeline_job - 48e4ef21-e7ea-47a1-921b-b7d9c3902679 - 48 - load_and_preprocess_op - STEP_START - Started execution of step "load_and_preprocess_op".
2025-03-13 04:40:55 +0000 - dagster - INFO - ml_pipeline_job - 48e4ef21-e7ea-47a1-921b-b7d9c3902679 - load_and_preprocess_op - Loading and preprocessing data...
2025-03-13 04:40:55 +0000 - dagster - INFO - ml_pipeline_job - 48e4ef21-e7ea-47a1-921b-b7d9c3902679 - load_and_preprocess_op - Data loaded successfully, first few rows:
   UDI  Air_temperature_K  ...  Product_ID_encoded  Failure_Type_encoded
0    1              298.1  ...                7003                     1
1    2              298.2  ...                1003                     1
2    3              298.1  ...                1004                     1
3    4              298.2  ...                1005                     1
4    5              298.2  ...                1006                     1

[5 rows x 10 columns]
2025-03-13 04:40:56 +0000 - dagster - INFO - ml_pipeline_job - 48e4ef21-e7ea-47a1-921b-b7d9c3902679 - load_and_preprocess_op - Feature names cleaned successfully, first few rows:
   UDI  Air_temperature_K  ...  Product_ID_encoded  Failure_Type_encoded
0    1              298.1  ...                7003                     1
1    2              298.2  ...                1003                     1
2    3              298.1  ...                1004                     1
3    4              298.2  ...                1005                     1
4    5              298.2  ...                1006                     1

[5 rows x 10 columns]
2025-03-13 04:40:56 +0000 - dagster - DEBUG - ml_pipeline_job - 48e4ef21-e7ea-47a1-921b-b7d9c3902679 - 48 - load_and_preprocess_op - STEP_OUTPUT - Yielded output "result" of type "Any". (Type check passed).
2025-03-13 04:40:56 +0000 - dagster - DEBUG - ml_pipeline_job - 48e4ef21-e7ea-47a1-921b-b7d9c3902679 - load_and_preprocess_op - Writing file at: /dagster_home/storage/48e4ef21-e7ea-47a1-921b-b7d9c3902679/load_and_preprocess_op/result using PickledObjectFilesystemIOManager...
2025-03-13 04:40:56 +0000 - dagster - DEBUG - ml_pipeline_job - 48e4ef21-e7ea-47a1-921b-b7d9c3902679 - 48 - load_and_preprocess_op - HANDLED_OUTPUT - Handled output "result" using IO manager "io_manager"
2025-03-13 04:40:56 +0000 - dagster - DEBUG - ml_pipeline_job - 48e4ef21-e7ea-47a1-921b-b7d9c3902679 - 48 - load_and_preprocess_op - STEP_SUCCESS - Finished execution of step "load_and_preprocess_op" in 366ms.
