[32m2025-03-12 21:52:37 +0000[0m - dagster - [34mDEBUG[0m - ml_pipeline_job - d83d2cfa-da5d-4660-a410-0807d4976f9c - 73 - LOGS_CAPTURED - Started capturing logs in process (pid: 73).
[32m2025-03-12 21:52:37 +0000[0m - dagster - [34mDEBUG[0m - ml_pipeline_job - d83d2cfa-da5d-4660-a410-0807d4976f9c - 73 - load_and_preprocess_op - STEP_START - Started execution of step "load_and_preprocess_op".
[32m2025-03-12 21:52:37 +0000[0m - dagster - [34mINFO[0m - ml_pipeline_job - d83d2cfa-da5d-4660-a410-0807d4976f9c - load_and_preprocess_op - Loading and preprocessing data...
[32m2025-03-12 21:52:37 +0000[0m - dagster - [34mINFO[0m - ml_pipeline_job - d83d2cfa-da5d-4660-a410-0807d4976f9c - load_and_preprocess_op - Data loaded successfully, first few rows:
   UDI  Air_temperature_K  ...  Product_ID_encoded  Failure_Type_encoded
0    1              298.1  ...                7003                     1
1    2              298.2  ...                1003                     1
2    3              298.1  ...                1004                     1
3    4              298.2  ...                1005                     1
4    5              298.2  ...                1006                     1

[5 rows x 10 columns]
[32m2025-03-12 21:52:37 +0000[0m - dagster - [34mINFO[0m - ml_pipeline_job - d83d2cfa-da5d-4660-a410-0807d4976f9c - load_and_preprocess_op - Feature names cleaned successfully, first few rows:
   UDI  Air_temperature_K  ...  Product_ID_encoded  Failure_Type_encoded
0    1              298.1  ...                7003                     1
1    2              298.2  ...                1003                     1
2    3              298.1  ...                1004                     1
3    4              298.2  ...                1005                     1
4    5              298.2  ...                1006                     1

[5 rows x 10 columns]
[32m2025-03-12 21:52:37 +0000[0m - dagster - [34mDEBUG[0m - ml_pipeline_job - d83d2cfa-da5d-4660-a410-0807d4976f9c - 73 - load_and_preprocess_op - STEP_OUTPUT - Yielded output "result" of type "Any". (Type check passed).
[32m2025-03-12 21:52:37 +0000[0m - dagster - [34mDEBUG[0m - ml_pipeline_job - d83d2cfa-da5d-4660-a410-0807d4976f9c - load_and_preprocess_op - Writing file at: /dagster_home/storage/d83d2cfa-da5d-4660-a410-0807d4976f9c/load_and_preprocess_op/result using PickledObjectFilesystemIOManager...
[32m2025-03-12 21:52:37 +0000[0m - dagster - [34mDEBUG[0m - ml_pipeline_job - d83d2cfa-da5d-4660-a410-0807d4976f9c - 73 - load_and_preprocess_op - HANDLED_OUTPUT - Handled output "result" using IO manager "io_manager"
[32m2025-03-12 21:52:37 +0000[0m - dagster - [34mDEBUG[0m - ml_pipeline_job - d83d2cfa-da5d-4660-a410-0807d4976f9c - 73 - load_and_preprocess_op - STEP_SUCCESS - Finished execution of step "load_and_preprocess_op" in 389ms.
