2025-03-11 23:09:36 +0000 - dagster - DEBUG - ml_pipeline_job - 4a9958ac-6adb-49cd-aea4-58641ae3908b - 1346 - LOGS_CAPTURED - Started capturing logs in process (pid: 1346).
2025-03-11 23:09:36 +0000 - dagster - DEBUG - ml_pipeline_job - 4a9958ac-6adb-49cd-aea4-58641ae3908b - 1346 - train_model_op - STEP_START - Started execution of step "train_model_op".
2025-03-11 23:09:36 +0000 - dagster - DEBUG - ml_pipeline_job - 4a9958ac-6adb-49cd-aea4-58641ae3908b - train_model_op - Loading file from: /dagster_home/storage/4a9958ac-6adb-49cd-aea4-58641ae3908b/split_data_op/result using PickledObjectFilesystemIOManager...
2025-03-11 23:09:36 +0000 - dagster - DEBUG - ml_pipeline_job - 4a9958ac-6adb-49cd-aea4-58641ae3908b - 1346 - train_model_op - LOADED_INPUT - Loaded input "split_data" using input manager "io_manager", from output "result" of step "split_data_op"
2025-03-11 23:09:36 +0000 - dagster - DEBUG - ml_pipeline_job - 4a9958ac-6adb-49cd-aea4-58641ae3908b - 1346 - train_model_op - STEP_INPUT - Got input "split_data" of type "Any". (Type check passed).
2025-03-11 23:09:36 +0000 - dagster - INFO - ml_pipeline_job - 4a9958ac-6adb-49cd-aea4-58641ae3908b - train_model_op - Training model...
2025/03/11 23:09:36 WARNING mlflow.utils.git_utils: Failed to import Git (the Git executable is probably not on your PATH), so Git SHA is not available. Error: Failed to initialize: Bad git executable.
The git executable must be specified in one of the following ways:
    - be included in your $PATH
    - be set via $GIT_PYTHON_GIT_EXECUTABLE
    - explicitly set via git.refresh(<full-path-to-git-executable>)

All git commands will error until this is rectified.

This initial message can be silenced or aggravated in the future by setting the
$GIT_PYTHON_REFRESH environment variable. Use one of the following values:
    - quiet|q|silence|s|silent|none|n|0: for no message or exception
    - warn|w|warning|log|l|1: for a warning message (logging level CRITICAL, displayed by default)
    - error|e|exception|raise|r|2: for a raised exception

Example:
    export GIT_PYTHON_REFRESH=quiet

2025-03-11 23:09:36 +0000 - dagster - DEBUG - ml_pipeline_job - 4a9958ac-6adb-49cd-aea4-58641ae3908b - 1346 - train_model_op - STEP_OUTPUT - Yielded output "result" of type "Any". (Type check passed).
2025-03-11 23:09:36 +0000 - dagster - DEBUG - ml_pipeline_job - 4a9958ac-6adb-49cd-aea4-58641ae3908b - train_model_op - Writing file at: /dagster_home/storage/4a9958ac-6adb-49cd-aea4-58641ae3908b/train_model_op/result using PickledObjectFilesystemIOManager...
2025-03-11 23:09:36 +0000 - dagster - DEBUG - ml_pipeline_job - 4a9958ac-6adb-49cd-aea4-58641ae3908b - 1346 - train_model_op - HANDLED_OUTPUT - Handled output "result" using IO manager "io_manager"
2025-03-11 23:09:36 +0000 - dagster - DEBUG - ml_pipeline_job - 4a9958ac-6adb-49cd-aea4-58641ae3908b - 1346 - train_model_op - STEP_SUCCESS - Finished execution of step "train_model_op" in 458ms.
